{
  "stats": {
    "suites": 1,
    "tests": 4,
    "passes": 4,
    "pending": 0,
    "failures": 0,
    "start": "2025-11-19T18:15:42.946Z",
    "end": "2025-11-19T18:15:46.642Z",
    "duration": 3696,
    "testsRegistered": 4,
    "passPercent": 100,
    "pendingPercent": 0,
    "other": 0,
    "hasOther": false,
    "skipped": 0,
    "hasSkipped": false
  },
  "results": [
    {
      "uuid": "190df7ae-ffbe-4bf2-a9b4-a5414eb6916d",
      "title": "",
      "fullFile": "cypress\\e2e\\exercises-class-02.cy.js",
      "file": "cypress\\e2e\\exercises-class-02.cy.js",
      "beforeHooks": [],
      "afterHooks": [],
      "tests": [],
      "suites": [
        {
          "uuid": "7c3f24e4-8ff4-4d8d-8d37-8a9e1e92dc1a",
          "title": "Exercises - Class 02",
          "fullFile": "",
          "file": "",
          "beforeHooks": [],
          "afterHooks": [],
          "tests": [
            {
              "title": "The AdoPet title must be correctly",
              "fullTitle": "Exercises - Class 02 The AdoPet title must be correctly",
              "timedOut": null,
              "duration": 545,
              "state": "passed",
              "speed": "fast",
              "pass": true,
              "fail": false,
              "pending": false,
              "context": null,
              "code": "cy.title().should('eq', 'AdoPet');",
              "err": {},
              "uuid": "aa604980-2644-4dd5-888c-757d182e41bc",
              "parentUUID": "7c3f24e4-8ff4-4d8d-8d37-8a9e1e92dc1a",
              "isHook": false,
              "skipped": false
            },
            {
              "title": "Checking if the text 'Quem ama adota!' is present in the document",
              "fullTitle": "Exercises - Class 02 Checking if the text 'Quem ama adota!' is present in the document",
              "timedOut": null,
              "duration": 171,
              "state": "passed",
              "speed": "fast",
              "pass": true,
              "fail": false,
              "pending": false,
              "context": null,
              "code": "cy.contains('p', 'Quem ama adota!').should('be.visible');",
              "err": {},
              "uuid": "77968d9d-11a3-49fa-a2ff-41cc81eda5a7",
              "parentUUID": "7c3f24e4-8ff4-4d8d-8d37-8a9e1e92dc1a",
              "isHook": false,
              "skipped": false
            },
            {
              "title": "Checking if the text 'Adotar pode mudar...' is present in the document",
              "fullTitle": "Exercises - Class 02 Checking if the text 'Adotar pode mudar...' is present in the document",
              "timedOut": null,
              "duration": 309,
              "state": "passed",
              "speed": "fast",
              "pass": true,
              "fail": false,
              "pending": false,
              "context": null,
              "code": "cy.contains('p', 'Adotar pode mudar uma vida. Que tal buscar seu novo melhor amigo hoje? Vem com a gente!').should('be.visible');",
              "err": {},
              "uuid": "06a597dd-8672-48f7-b049-2eb0d6ac5c00",
              "parentUUID": "7c3f24e4-8ff4-4d8d-8d37-8a9e1e92dc1a",
              "isHook": false,
              "skipped": false
            },
            {
              "title": "testing login via a different flow",
              "fullTitle": "Exercises - Class 02 testing login via a different flow",
              "timedOut": null,
              "duration": 1434,
              "state": "passed",
              "speed": "fast",
              "pass": true,
              "fail": false,
              "pending": false,
              "context": null,
              "code": "cy.get('.header__message').click();\ncy.get('[data-test=\"input-loginEmail\"]').type('thiagoandre@email.com');\ncy.get('[data-test=\"input-loginPassword\"]').type('Senha123');\ncy.get('[data-test=\"submit-button\"]').click();",
              "err": {},
              "uuid": "28acb2f8-732e-438f-ada7-1b85b8b2f855",
              "parentUUID": "7c3f24e4-8ff4-4d8d-8d37-8a9e1e92dc1a",
              "isHook": false,
              "skipped": false
            }
          ],
          "suites": [],
          "passes": [
            "aa604980-2644-4dd5-888c-757d182e41bc",
            "77968d9d-11a3-49fa-a2ff-41cc81eda5a7",
            "06a597dd-8672-48f7-b049-2eb0d6ac5c00",
            "28acb2f8-732e-438f-ada7-1b85b8b2f855"
          ],
          "failures": [],
          "pending": [],
          "skipped": [],
          "duration": 2459,
          "root": false,
          "rootEmpty": false,
          "_timeout": 2000
        }
      ],
      "passes": [],
      "failures": [],
      "pending": [],
      "skipped": [],
      "duration": 0,
      "root": true,
      "rootEmpty": true,
      "_timeout": 2000
    }
  ],
  "meta": {
    "mocha": {
      "version": "7.0.1"
    },
    "mochawesome": {
      "options": {
        "quiet": false,
        "reportFilename": "mochawesome",
        "saveHtml": true,
        "saveJson": true,
        "consoleReporter": "spec",
        "useInlineDiffs": false,
        "code": true
      },
      "version": "7.1.4"
    },
    "marge": {
      "options": {
        "reportDir": "cypress/results",
        "overwrite": false,
        "html": true,
        "json": true,
        "timestamp": "mmddyyyy_HHMMss"
      },
      "version": "6.3.2"
    }
  }
}