{
  "stats": {
    "suites": 1,
    "tests": 4,
    "passes": 4,
    "pending": 0,
    "failures": 0,
    "start": "2025-11-19T18:19:45.002Z",
    "end": "2025-11-19T18:19:48.962Z",
    "duration": 3960,
    "testsRegistered": 4,
    "passPercent": 100,
    "pendingPercent": 0,
    "other": 0,
    "hasOther": false,
    "skipped": 0,
    "hasSkipped": false
  },
  "results": [
    {
      "uuid": "faa73591-ca08-4bbd-a14d-5176000ba6b4",
      "title": "",
      "fullFile": "cypress\\e2e\\exercises-class-02.cy.js",
      "file": "cypress\\e2e\\exercises-class-02.cy.js",
      "beforeHooks": [],
      "afterHooks": [],
      "tests": [],
      "suites": [
        {
          "uuid": "9eb74af3-87e5-4325-bbc4-9aa8404cee1e",
          "title": "Exercises - Class 02",
          "fullFile": "",
          "file": "",
          "beforeHooks": [],
          "afterHooks": [],
          "tests": [
            {
              "title": "The AdoPet title must be correctly",
              "fullTitle": "Exercises - Class 02 The AdoPet title must be correctly",
              "timedOut": null,
              "duration": 737,
              "state": "passed",
              "speed": "fast",
              "pass": true,
              "fail": false,
              "pending": false,
              "context": null,
              "code": "cy.title().should('eq', 'AdoPet');",
              "err": {},
              "uuid": "e1d7928b-ade0-41c6-85dc-c2b0abbd1877",
              "parentUUID": "9eb74af3-87e5-4325-bbc4-9aa8404cee1e",
              "isHook": false,
              "skipped": false
            },
            {
              "title": "Checking if the text 'Quem ama adota!' is present in the document",
              "fullTitle": "Exercises - Class 02 Checking if the text 'Quem ama adota!' is present in the document",
              "timedOut": null,
              "duration": 200,
              "state": "passed",
              "speed": "fast",
              "pass": true,
              "fail": false,
              "pending": false,
              "context": null,
              "code": "cy.contains('p', 'Quem ama adota!').should('be.visible');",
              "err": {},
              "uuid": "e2132a96-3bfd-4f05-8899-5f22a5f1dc9f",
              "parentUUID": "9eb74af3-87e5-4325-bbc4-9aa8404cee1e",
              "isHook": false,
              "skipped": false
            },
            {
              "title": "Checking if the text 'Adotar pode mudar...' is present in the document",
              "fullTitle": "Exercises - Class 02 Checking if the text 'Adotar pode mudar...' is present in the document",
              "timedOut": null,
              "duration": 321,
              "state": "passed",
              "speed": "fast",
              "pass": true,
              "fail": false,
              "pending": false,
              "context": null,
              "code": "cy.contains('p', 'Adotar pode mudar uma vida. Que tal buscar seu novo melhor amigo hoje? Vem com a gente!').should('be.visible');",
              "err": {},
              "uuid": "61432dda-cbf1-49b4-950c-ea04fda7416a",
              "parentUUID": "9eb74af3-87e5-4325-bbc4-9aa8404cee1e",
              "isHook": false,
              "skipped": false
            },
            {
              "title": "testing login via a different flow",
              "fullTitle": "Exercises - Class 02 testing login via a different flow",
              "timedOut": null,
              "duration": 1010,
              "state": "passed",
              "speed": "fast",
              "pass": true,
              "fail": false,
              "pending": false,
              "context": null,
              "code": "cy.get('.header__message').click();\ncy.login('thiagoandre@email.com', 'Senha123');",
              "err": {},
              "uuid": "6d8dbaa8-3419-4954-b69d-780d912dd8b2",
              "parentUUID": "9eb74af3-87e5-4325-bbc4-9aa8404cee1e",
              "isHook": false,
              "skipped": false
            }
          ],
          "suites": [],
          "passes": [
            "e1d7928b-ade0-41c6-85dc-c2b0abbd1877",
            "e2132a96-3bfd-4f05-8899-5f22a5f1dc9f",
            "61432dda-cbf1-49b4-950c-ea04fda7416a",
            "6d8dbaa8-3419-4954-b69d-780d912dd8b2"
          ],
          "failures": [],
          "pending": [],
          "skipped": [],
          "duration": 2268,
          "root": false,
          "rootEmpty": false,
          "_timeout": 2000
        }
      ],
      "passes": [],
      "failures": [],
      "pending": [],
      "skipped": [],
      "duration": 0,
      "root": true,
      "rootEmpty": true,
      "_timeout": 2000
    }
  ],
  "meta": {
    "mocha": {
      "version": "7.0.1"
    },
    "mochawesome": {
      "options": {
        "quiet": false,
        "reportFilename": "mochawesome",
        "saveHtml": true,
        "saveJson": true,
        "consoleReporter": "spec",
        "useInlineDiffs": false,
        "code": true
      },
      "version": "7.1.4"
    },
    "marge": {
      "options": {
        "reportDir": "cypress/results",
        "overwrite": false,
        "html": true,
        "json": true,
        "timestamp": "mmddyyyy_HHMMss"
      },
      "version": "6.3.2"
    }
  }
}