{
  "stats": {
    "suites": 1,
    "tests": 6,
    "passes": 6,
    "pending": 0,
    "failures": 0,
    "start": "2025-11-19T18:15:36.760Z",
    "end": "2025-11-19T18:15:40.359Z",
    "duration": 3599,
    "testsRegistered": 6,
    "passPercent": 100,
    "pendingPercent": 0,
    "other": 0,
    "hasOther": false,
    "skipped": 0,
    "hasSkipped": false
  },
  "results": [
    {
      "uuid": "f0e7f393-8f3d-475d-bca5-e19b726d3209",
      "title": "",
      "fullFile": "cypress\\e2e\\exercises-class-01.cy.js",
      "file": "cypress\\e2e\\exercises-class-01.cy.js",
      "beforeHooks": [],
      "afterHooks": [],
      "tests": [],
      "suites": [
        {
          "uuid": "3c0804be-dd03-4cad-98e6-50961073cdd5",
          "title": "Exercises - Class 01",
          "fullFile": "",
          "file": "",
          "beforeHooks": [],
          "afterHooks": [],
          "tests": [
            {
              "title": "Must load the page correctly and click on the button 'Ver pets disponíveis para adoção'",
              "fullTitle": "Exercises - Class 01 Must load the page correctly and click on the button 'Ver pets disponíveis para adoção'",
              "timedOut": null,
              "duration": 812,
              "state": "passed",
              "speed": "fast",
              "pass": true,
              "fail": false,
              "pending": false,
              "context": null,
              "code": "cy.visit('https://adopet-frontend-cypress.vercel.app/');\ncy.get('.button').click();",
              "err": {},
              "uuid": "fd42473f-b9e1-4008-9c91-f68fba3e458a",
              "parentUUID": "3c0804be-dd03-4cad-98e6-50961073cdd5",
              "isHook": false,
              "skipped": false
            },
            {
              "title": "Must load the page correctly and the message button on header menu need to access message page",
              "fullTitle": "Exercises - Class 01 Must load the page correctly and the message button on header menu need to access message page",
              "timedOut": null,
              "duration": 236,
              "state": "passed",
              "speed": "fast",
              "pass": true,
              "fail": false,
              "pending": false,
              "context": null,
              "code": "cy.visit('https://adopet-frontend-cypress.vercel.app/');\ncy.get('.header__message').click();",
              "err": {},
              "uuid": "cabc53b7-9c73-4e9b-a460-9c7496be4d75",
              "parentUUID": "3c0804be-dd03-4cad-98e6-50961073cdd5",
              "isHook": false,
              "skipped": false
            },
            {
              "title": "Must load the page correctly and the home button on header menu need to access the home page",
              "fullTitle": "Exercises - Class 01 Must load the page correctly and the home button on header menu need to access the home page",
              "timedOut": null,
              "duration": 217,
              "state": "passed",
              "speed": "fast",
              "pass": true,
              "fail": false,
              "pending": false,
              "context": null,
              "code": "cy.visit('https://adopet-frontend-cypress.vercel.app/message');\ncy.get('.header__home').click();",
              "err": {},
              "uuid": "0cc72e46-efd6-45e3-bdd9-28001434c926",
              "parentUUID": "3c0804be-dd03-4cad-98e6-50961073cdd5",
              "isHook": false,
              "skipped": false
            },
            {
              "title": "Must load the login page correctly",
              "fullTitle": "Exercises - Class 01 Must load the login page correctly",
              "timedOut": null,
              "duration": 96,
              "state": "passed",
              "speed": "fast",
              "pass": true,
              "fail": false,
              "pending": false,
              "context": null,
              "code": "cy.visit('https://adopet-frontend-cypress.vercel.app/login');",
              "err": {},
              "uuid": "38c0704b-6367-4f38-9585-fc401258693f",
              "parentUUID": "3c0804be-dd03-4cad-98e6-50961073cdd5",
              "isHook": false,
              "skipped": false
            },
            {
              "title": "Must load the home page correctly",
              "fullTitle": "Exercises - Class 01 Must load the home page correctly",
              "timedOut": null,
              "duration": 115,
              "state": "passed",
              "speed": "fast",
              "pass": true,
              "fail": false,
              "pending": false,
              "context": null,
              "code": "cy.visit('https://adopet-frontend-cypress.vercel.app/home');",
              "err": {},
              "uuid": "df32c885-d60c-4ab2-8509-f347ef0f36e1",
              "parentUUID": "3c0804be-dd03-4cad-98e6-50961073cdd5",
              "isHook": false,
              "skipped": false
            },
            {
              "title": "Must load the home page correctly and access the page to speak to the responsible party",
              "fullTitle": "Exercises - Class 01 Must load the home page correctly and access the page to speak to the responsible party",
              "timedOut": null,
              "duration": 787,
              "state": "passed",
              "speed": "fast",
              "pass": true,
              "fail": false,
              "pending": false,
              "context": null,
              "code": "cy.visit('https://adopet-frontend-cypress.vercel.app/home');\n// cy.get('.card__contact').first().click();\ncy.get('.card__contact').eq(0).click();",
              "err": {},
              "uuid": "b9f3c962-59e2-43d4-88dc-2f51f84189b1",
              "parentUUID": "3c0804be-dd03-4cad-98e6-50961073cdd5",
              "isHook": false,
              "skipped": false
            }
          ],
          "suites": [],
          "passes": [
            "fd42473f-b9e1-4008-9c91-f68fba3e458a",
            "cabc53b7-9c73-4e9b-a460-9c7496be4d75",
            "0cc72e46-efd6-45e3-bdd9-28001434c926",
            "38c0704b-6367-4f38-9585-fc401258693f",
            "df32c885-d60c-4ab2-8509-f347ef0f36e1",
            "b9f3c962-59e2-43d4-88dc-2f51f84189b1"
          ],
          "failures": [],
          "pending": [],
          "skipped": [],
          "duration": 2263,
          "root": false,
          "rootEmpty": false,
          "_timeout": 2000
        }
      ],
      "passes": [],
      "failures": [],
      "pending": [],
      "skipped": [],
      "duration": 0,
      "root": true,
      "rootEmpty": true,
      "_timeout": 2000
    }
  ],
  "meta": {
    "mocha": {
      "version": "7.0.1"
    },
    "mochawesome": {
      "options": {
        "quiet": false,
        "reportFilename": "mochawesome",
        "saveHtml": true,
        "saveJson": true,
        "consoleReporter": "spec",
        "useInlineDiffs": false,
        "code": true
      },
      "version": "7.1.4"
    },
    "marge": {
      "options": {
        "reportDir": "cypress/results",
        "overwrite": false,
        "html": true,
        "json": true,
        "timestamp": "mmddyyyy_HHMMss"
      },
      "version": "6.3.2"
    }
  }
}